  fireshaderclass.cpp
  fontshaderclass.cpp
  graphicsclass.cpp
F:\old files\연도별 대학교 과제들\2020년 1학기 과제\컴퓨터 그래픽스 실습 과제\컴퓨터 그래픽스 실습 기말 과제 버전별로 저장\6 - 레포트 작성\송창민 윤상민 컴퓨터 그래픽스 실습 기말 과제 (1)\dxdr4\directx project\graphicsclass.cpp(967,38): warning C4244: '+=': 'double'에서 'float'(으)로 변환하면서 데이터가 손실될 수 있습니다.
F:\old files\연도별 대학교 과제들\2020년 1학기 과제\컴퓨터 그래픽스 실습 과제\컴퓨터 그래픽스 실습 기말 과제 버전별로 저장\6 - 레포트 작성\송창민 윤상민 컴퓨터 그래픽스 실습 기말 과제 (1)\dxdr4\directx project\graphicsclass.cpp(972,38): warning C4244: '-=': 'double'에서 'float'(으)로 변환하면서 데이터가 손실될 수 있습니다.
F:\old files\연도별 대학교 과제들\2020년 1학기 과제\컴퓨터 그래픽스 실습 과제\컴퓨터 그래픽스 실습 기말 과제 버전별로 저장\6 - 레포트 작성\송창민 윤상민 컴퓨터 그래픽스 실습 기말 과제 (1)\dxdr4\directx project\graphicsclass.cpp(1931,41): warning C4244: '=': 'double'에서 'float'(으)로 변환하면서 데이터가 손실될 수 있습니다.
F:\old files\연도별 대학교 과제들\2020년 1학기 과제\컴퓨터 그래픽스 실습 과제\컴퓨터 그래픽스 실습 기말 과제 버전별로 저장\6 - 레포트 작성\송창민 윤상민 컴퓨터 그래픽스 실습 기말 과제 (1)\dxdr4\directx project\graphicsclass.cpp(1962,41): warning C4244: '=': 'double'에서 'float'(으)로 변환하면서 데이터가 손실될 수 있습니다.
F:\old files\연도별 대학교 과제들\2020년 1학기 과제\컴퓨터 그래픽스 실습 과제\컴퓨터 그래픽스 실습 기말 과제 버전별로 저장\6 - 레포트 작성\송창민 윤상민 컴퓨터 그래픽스 실습 기말 과제 (1)\dxdr4\directx project\graphicsclass.cpp(1993,41): warning C4244: '=': 'double'에서 'float'(으)로 변환하면서 데이터가 손실될 수 있습니다.
F:\old files\연도별 대학교 과제들\2020년 1학기 과제\컴퓨터 그래픽스 실습 과제\컴퓨터 그래픽스 실습 기말 과제 버전별로 저장\6 - 레포트 작성\송창민 윤상민 컴퓨터 그래픽스 실습 기말 과제 (1)\dxdr4\directx project\graphicsclass.cpp(2024,41): warning C4244: '=': 'double'에서 'float'(으)로 변환하면서 데이터가 손실될 수 있습니다.
F:\old files\연도별 대학교 과제들\2020년 1학기 과제\컴퓨터 그래픽스 실습 과제\컴퓨터 그래픽스 실습 기말 과제 버전별로 저장\6 - 레포트 작성\송창민 윤상민 컴퓨터 그래픽스 실습 기말 과제 (1)\dxdr4\directx project\graphicsclass.cpp(2229,126): warning C4244: '인수': 'double'에서 'FLOAT'(으)로 변환하면서 데이터가 손실될 수 있습니다.
F:\old files\연도별 대학교 과제들\2020년 1학기 과제\컴퓨터 그래픽스 실습 과제\컴퓨터 그래픽스 실습 기말 과제 버전별로 저장\6 - 레포트 작성\송창민 윤상민 컴퓨터 그래픽스 실습 기말 과제 (1)\dxdr4\directx project\graphicsclass.cpp(2268,110): warning C4244: '=': 'double'에서 'float'(으)로 변환하면서 데이터가 손실될 수 있습니다.
F:\old files\연도별 대학교 과제들\2020년 1학기 과제\컴퓨터 그래픽스 실습 과제\컴퓨터 그래픽스 실습 기말 과제 버전별로 저장\6 - 레포트 작성\송창민 윤상민 컴퓨터 그래픽스 실습 기말 과제 (1)\dxdr4\directx project\graphicsclass.cpp(2279,110): warning C4244: '=': 'double'에서 'float'(으)로 변환하면서 데이터가 손실될 수 있습니다.
F:\old files\연도별 대학교 과제들\2020년 1학기 과제\컴퓨터 그래픽스 실습 과제\컴퓨터 그래픽스 실습 기말 과제 버전별로 저장\6 - 레포트 작성\송창민 윤상민 컴퓨터 그래픽스 실습 기말 과제 (1)\dxdr4\directx project\graphicsclass.cpp(2290,110): warning C4244: '=': 'double'에서 'float'(으)로 변환하면서 데이터가 손실될 수 있습니다.
  lightshaderclass.cpp
  minimapclass.cpp
  soundclass.cpp
  textclass.cpp
  textureshaderclass.cpp
  코드를 생성하고 있습니다...
  directx project.vcxproj -> F:\old files\연도별 대학교 과제들\2020년 1학기 과제\컴퓨터 그래픽스 실습 과제\컴퓨터 그래픽스 실습 기말 과제 버전별로 저장\6 - 레포트 작성\송창민 윤상민 컴퓨터 그래픽스 실습 기말 과제 (1)\dxdr4\Debug\directx project.exe
